<?xml version="1.0" encoding="UTF-8"?>
<!-- Generated by org.testng.reporters.JUnitReportReporter -->
<testsuite hostname="Sanjibs-MacBook-Air.local" failures="0" tests="1" name="runner.TestRunner" time="0.224" errors="0" timestamp="21 Dec 2022 00:42:17 GMT" skipped="0">
  <testcase classname="runner.TestRunner" name="runScenario" time="0.224"/>
</testsuite> <!-- runner.TestRunner -->
